#
# There is insufficient memory for the Java Runtime Environment to continue.
# Native memory allocation (mmap) failed to map 134217728 bytes for Failed to commit area from 0x0000000081800000 to 0x0000000089800000 of length 134217728.
# Possible reasons:
#   The system is out of physical RAM or swap space
#   The process is running with CompressedOops enabled, and the Java Heap may be blocking the growth of the native heap
# Possible solutions:
#   Reduce memory load on the system
#   Increase physical memory or swap space
#   Check if swap backing store is full
#   Decrease Java heap size (-Xmx/-Xms)
#   Decrease number of Java threads
#   Decrease Java thread stack sizes (-Xss)
#   Set larger code cache with -XX:ReservedCodeCacheSize=
# This output file may be truncated or incomplete.
#
#  Out of Memory Error (c:/BuildAgent/work/5ff2f6c26000d570/src/hotspot/os/windows/os_windows.cpp:3281), pid=21284, tid=20268
#
# JRE version:  (11.0.4+10) (build )
# Java VM: OpenJDK 64-Bit Server VM (11.0.4+10-b304.69, mixed mode, aot, sharing, tiered, compressed oops, g1 gc, windows-amd64)
# No core dump will be written. Minidumps are not enabled by default on client versions of Windows
#

---------------  S U M M A R Y ------------

Command Line: org.jetbrains.git4idea.http.GitAskPassApp Username for 'https://github.com': 

Host: Intel(R) Core(TM) i7-7500U CPU @ 2.70GHz, 4 cores, 7G,  Windows 10 , 64 bit Build 17134 (10.0.17134.753)
Time: Tue Jan  7 09:45:26 2020 ?D1¨²¡À¨º¡Á?¨º¡À?? elapsed time: 0 seconds (0d 0h 0m 0s)

---------------  T H R E A D  ---------------

Current thread (0x0000023bc7509800):  JavaThread "Unknown thread" [_thread_in_vm, id=20268, stack(0x000000a2b0200000,0x000000a2b0300000)]

Stack: [0x000000a2b0200000,0x000000a2b0300000]
Native frames: (J=compiled Java code, j=interpreted, Vv=VM code, C=native code)
V  [jvm.dll+0x5db31a]
V  [jvm.dll+0x70c395]
V  [jvm.dll+0x70d8b8]
V  [jvm.dll+0x70df83]
V  [jvm.dll+0x23dbb8]
V  [jvm.dll+0x5d8a74]
V  [jvm.dll+0x5cdb05]
V  [jvm.dll+0x2fa5bb]
V  [jvm.dll+0x2fa52a]
V  [jvm.dll+0x2fa402]
V  [jvm.dll+0x2ff2c6]
V  [jvm.dll+0x347893]
V  [jvm.dll+0x347f96]
V  [jvm.dll+0x347993]
V  [jvm.dll+0x2d4e28]
V  [jvm.dll+0x2d5fd7]
V  [jvm.dll+0x6eb717]
V  [jvm.dll+0x6ecf0c]
V  [jvm.dll+0x354fb9]
V  [jvm.dll+0x6d35be]
V  [jvm.dll+0x3bd673]
V  [jvm.dll+0x3bf9f1]
C  [java.exe+0x3763]
C  [java.exe+0x17a0c]
C  [KERNEL32.DLL+0x14034]
C  [ntdll.dll+0x73691]


---------------  P R O C E S S  ---------------

Threads class SMR info:
_java_thread_list=0x0000023bc5b979d0, length=0, elements={
}

Java Threads: ( => current thread )

Other Threads:
  0x0000023bc7522000 GCTaskThread "GC Thread#0" [stack: 0x000000a2b0300000,0x000000a2b0400000] [id=4912]
  0x0000023bc7553000 ConcurrentGCThread "G1 Main Marker" [stack: 0x000000a2b0400000,0x000000a2b0500000] [id=5400]
  0x0000023bc7556000 ConcurrentGCThread "G1 Conc#0" [stack: 0x000000a2b0500000,0x000000a2b0600000] [id=20340]

[error occurred during error reporting (printing all threads), id 0xc0000005, EXCEPTION_ACCESS_VIOLATION (0xc0000005) at pc=0x00007ff9c1645727]

VM state:not at safepoint (not fully initialized)

VM Mutex/Monitor currently owned by a thread:  ([mutex/lock_event])
[0x0000023bc75067d0] Heap_lock - owner thread: 0x0000023bc7509800

Heap address: 0x0000000081800000, size: 2024 MB, Compressed Oops mode: Non-zero based: 0x0000000081800000
Narrow klass base: 0x0000000000000000, Narrow klass shift: 0

GC Heap History (0 events):
No events

Deoptimization events (0 events):
No events

Classes redefined (0 events):
No events

Internal exceptions (0 events):
No events

Events (0 events):
No events


Dynamic libraries:
0x00007ff77ef00000 - 0x00007ff77ef47000 	C:\Program Files\JetBrains\WebStorm 2019.2.3\jbr\bin\java.exe
0x00007ffa1cf00000 - 0x00007ffa1d0e1000 	C:\WINDOWS\SYSTEM32\ntdll.dll
0x00007ffa1a590000 - 0x00007ffa1a641000 	C:\WINDOWS\System32\KERNEL32.DLL
0x00007ffa1a0f0000 - 0x00007ffa1a363000 	C:\WINDOWS\System32\KERNELBASE.dll
0x00007ffa1ccb0000 - 0x00007ffa1ce41000 	C:\WINDOWS\System32\USER32.dll
0x00007ffa19ee0000 - 0x00007ffa19f00000 	C:\WINDOWS\System32\win32u.dll
0x00007ffa1a9a0000 - 0x00007ffa1a9c8000 	C:\WINDOWS\System32\GDI32.dll
0x00007ffa199c0000 - 0x00007ffa19b51000 	C:\WINDOWS\System32\gdi32full.dll
0x00007ffa19e40000 - 0x00007ffa19edf000 	C:\WINDOWS\System32\msvcp_win.dll
0x00007ffa19c40000 - 0x00007ffa19d38000 	C:\WINDOWS\System32\ucrtbase.dll
0x00007ffa06000000 - 0x00007ffa06269000 	C:\WINDOWS\WinSxS\amd64_microsoft.windows.common-controls_6595b64144ccf1df_6.0.17134.1130_none_d3ff42617c90becf\COMCTL32.dll
0x00007ffa1ca70000 - 0x00007ffa1cb0e000 	C:\WINDOWS\System32\msvcrt.dll
0x00007ffa1bf80000 - 0x00007ffa1c2a1000 	C:\WINDOWS\System32\combase.dll
0x00007ffa1c7f0000 - 0x00007ffa1c914000 	C:\WINDOWS\System32\RPCRT4.dll
0x00007ffa19bc0000 - 0x00007ffa19c39000 	C:\WINDOWS\System32\bcryptPrimitives.dll
0x00007ffa1c920000 - 0x00007ffa1c94d000 	C:\WINDOWS\System32\IMM32.DLL
0x00007ffa11f10000 - 0x00007ffa11f27000 	C:\Program Files\JetBrains\WebStorm 2019.2.3\jbr\bin\vcruntime140.dll
0x00007ff9f9300000 - 0x00007ff9f939d000 	C:\Program Files\JetBrains\WebStorm 2019.2.3\jbr\bin\msvcp140.dll
0x00007ff9c1360000 - 0x00007ff9c1e18000 	C:\Program Files\JetBrains\WebStorm 2019.2.3\jbr\bin\server\jvm.dll
0x00007ffa1c9c0000 - 0x00007ffa1ca61000 	C:\WINDOWS\System32\ADVAPI32.dll
0x00007ffa1a4b0000 - 0x00007ffa1a50b000 	C:\WINDOWS\System32\sechost.dll
0x00007ffa1a580000 - 0x00007ffa1a588000 	C:\WINDOWS\System32\PSAPI.DLL
0x00007ff9fa9f0000 - 0x00007ff9fa9f9000 	C:\WINDOWS\SYSTEM32\WSOCK32.dll
0x00007ffa15da0000 - 0x00007ffa15dc3000 	C:\WINDOWS\SYSTEM32\WINMM.dll
0x00007ffa1c950000 - 0x00007ffa1c9bc000 	C:\WINDOWS\System32\WS2_32.dll
0x00007ffa17dc0000 - 0x00007ffa17dca000 	C:\WINDOWS\SYSTEM32\VERSION.dll
0x00007ffa15d70000 - 0x00007ffa15d9a000 	C:\WINDOWS\SYSTEM32\winmmbase.dll
0x00007ffa19df0000 - 0x00007ffa19e39000 	C:\WINDOWS\System32\cfgmgr32.dll
0x00007ffa191f0000 - 0x00007ffa19201000 	C:\WINDOWS\System32\kernel.appcore.dll
0x00007ffa08020000 - 0x00007ffa08031000 	C:\Program Files\JetBrains\WebStorm 2019.2.3\jbr\bin\verify.dll
0x00007ffa11c10000 - 0x00007ffa11dd9000 	C:\WINDOWS\SYSTEM32\DBGHELP.DLL
0x00007ffa0fc20000 - 0x00007ffa0fc49000 	C:\WINDOWS\SYSTEM32\dbgcore.DLL
0x00007ffa076e0000 - 0x00007ffa07709000 	C:\Program Files\JetBrains\WebStorm 2019.2.3\jbr\bin\java.dll
0x00007ffa07b40000 - 0x00007ffa07b57000 	C:\Program Files\JetBrains\WebStorm 2019.2.3\jbr\bin\zip.dll
0x00007ffa0ee30000 - 0x00007ffa0ee3b000 	C:\Program Files\JetBrains\WebStorm 2019.2.3\jbr\bin\jimage.dll

dbghelp: loaded successfully - version: 4.0.5 - missing functions: none
symbol engine: initialized successfully - sym options: 0x614 - pdb path: .;C:\Program Files\JetBrains\WebStorm 2019.2.3\jbr\bin;C:\WINDOWS\SYSTEM32;C:\WINDOWS\WinSxS\amd64_microsoft.windows.common-controls_6595b64144ccf1df_6.0.17134.1130_none_d3ff42617c90becf;C:\Program Files\JetBrains\WebStorm 2019.2.3\jbr\bin\server

VM Arguments:
java_command: org.jetbrains.git4idea.http.GitAskPassApp Username for 'https://github.com': 
java_class_path (initial): C:/Program Files/JetBrains/WebStorm 2019.2.3/plugins/git4idea/lib/git4idea-rt.jar;C:/Program Files/JetBrains/WebStorm 2019.2.3/lib/xmlrpc-2.0.1.jar;C:/Program Files/JetBrains/WebStorm 2019.2.3/lib/commons-codec-1.13.jar;C:/Program Files/JetBrains/WebStorm 2019.2.3/lib/util.jar
Launcher Type: SUN_STANDARD

[Global flags]
     intx CICompilerCount                          = 3                                         {product} {ergonomic}
     uint ConcGCThreads                            = 1                                         {product} {ergonomic}
     uint G1ConcRefinementThreads                  = 4                                         {product} {ergonomic}
   size_t G1HeapRegionSize                         = 1048576                                   {product} {ergonomic}
    uintx GCDrainStackTargetSize                   = 64                                        {product} {ergonomic}
   size_t InitialHeapSize                          = 134217728                                 {product} {ergonomic}
   size_t MarkStackSize                            = 4194304                                   {product} {ergonomic}
   size_t MaxHeapSize                              = 2122317824                                {product} {ergonomic}
   size_t MinHeapDeltaBytes                        = 1048576                                   {product} {ergonomic}
    uintx NonNMethodCodeHeapSize                   = 5830092                                {pd product} {ergonomic}
    uintx NonProfiledCodeHeapSize                  = 122914074                              {pd product} {ergonomic}
    uintx ProfiledCodeHeapSize                     = 122914074                              {pd product} {ergonomic}
    uintx ReservedCodeCacheSize                    = 251658240                              {pd product} {ergonomic}
     bool SegmentedCodeCache                       = true                                      {product} {ergonomic}
     bool UseCompressedClassPointers               = true                                 {lp64_product} {ergonomic}
     bool UseCompressedOops                        = true                                 {lp64_product} {ergonomic}
     bool UseG1GC                                  = true                                      {product} {ergonomic}
     bool UseLargePagesIndividualAllocation        = false                                  {pd product} {ergonomic}

Logging:
Log output configuration:
 #0: stdout all=warning uptime,level,tags
 #1: stderr all=off uptime,level,tags

Environment Variables:
JAVA_HOME=C:\Program Files\Java\jdk1.8.0_91
CLASSPATH=.;C:\Program Files\Java\jdk1.8.0_91\lib\dt.jar;C:\Program Files\Java\jdk1.8.0_91\lib\tools.jar;
PATH=D:\Program Files\Git\mingw64\libexec\git-core;D:\Program Files\Git\mingw64\bin;D:\Program Files\Git\usr\bin;C:\Users\zhangyc\bin;C:\src\flutter\bin;C:\Python27;C:\Python27\Scripts;C:\Program Files (x86)\Common Files\Intel\Shared Libraries\redist\intel64\compiler;C:\Program Files (x86)\Common Files\Oracle\Java\javapath;C:\ProgramData\Oracle\Java\javapath;C:\WINDOWS\system32;C:\WINDOWS;C:\WINDOWS\System32\Wbem;C:\WINDOWS\System32\WindowsPowerShell\v1.0;D:\Program Files\Git\cmd;C:\Program Files\Java\jdk1.8.0_91\bin;C:\Program Files\TortoiseSVN\bin;D:\Android\sdk\platform-tools;D:\Android\sdk\tools;C:\WINDOWS\System32\OpenSSH;D:\hadoop-2.7.1\bin;D:\Program Files\Microsoft VS Code\bin;C:\ProgramData\chocolatey\bin;C:\Program Files\nodejs;D:\Program Files\nodejs\node_global\node_modules\yarn\bin;C:\Program Files\dotnet;C:\Program Files\Microsoft SQL Server\130\Tools\Binn;C:\Program Files\Microsoft SQL Server\Client SDK\ODBC\170\Tools\Binn;C:\Program Files (x86)\Yarn\bin;C:\Program Files (x86)\Yarn\bin;C:\Users\zhangyc\AppData\Local\Microsoft\WindowsApps;C:\Users\zhangyc\AppData\Local\GitHubDesktop\bin;C:\Users\zhangyc\AppData\Local\Microsoft\WindowsApps;D:\Program Files\nodejs\node_global;D:\Program Files\Microsoft VS Code\bin;C:\Users\zhangyc\AppData\Roaming\npm;C:\Users\zhangyc\AppData\Local\Yarn\bin
USERNAME=zhangyc
DISPLAY=:0.0
OS=Windows_NT
PROCESSOR_IDENTIFIER=Intel64 Family 6 Model 142 Stepping 9, GenuineIntel



---------------  S Y S T E M  ---------------

OS: Windows 10 , 64 bit Build 17134 (10.0.17134.753)

CPU:total 4 (initial active 4) (2 cores per cpu, 2 threads per core) family 6 model 142 stepping 9, cmov, cx8, fxsr, mmx, sse, sse2, sse3, ssse3, sse4.1, sse4.2, popcnt, avx, avx2, aes, clmul, erms, 3dnowpref, lzcnt, ht, tsc, tscinvbit, bmi1, bmi2, adx, fma

Memory: 4k page, system-wide physical 8089M (1173M free)
TotalPageFile size 14123M (AvailPageFile size 100M)
current process WorkingSet (physical memory assigned to process): 9M, peak: 9M
current process commit charge ("private bytes"): 51M, peak: 179M

vm_info: OpenJDK 64-Bit Server VM (11.0.4+10-b304.69) for windows-amd64 JRE (11.0.4+10-b304.69), built on Sep  9 2019 11:39:50 by "" with MS VC++ 14.0 (VS2015)

END.
